<?xml version="1.0" encoding="UTF-8"?>
<!-- Generated by org.testng.reporters.JUnitReportReporter -->
<testsuite hostname="GrimLock" failures="0" tests="3" name="automationpractice.POMworkshop.Main" time="38.556" errors="0" timestamp="2021-03-03T21:46:18 EST" skipped="0">
  <testcase classname="automationpractice.POMworkshop.Main" name="test2_getproduct" time="10.961"/>
  <system-out/>
  <testcase classname="automationpractice.POMworkshop.Main" name="test3_checkout" time="20.195"/>
  <system-out/>
  <testcase classname="automationpractice.POMworkshop.Main" name="test1_openurl" time="7.400"/>
  <system-out/>
</testsuite> <!-- automationpractice.POMworkshop.Main -->
